PDAModel/build/outputs/logs/manifest-merger-debug-report.txt
-- Merging decision tree log ---
manifest
ADDED from cgms2_test\PDAModel\AndroidManifest.xml:1:1-30:12
INJECTED from cgms2_test\PDAModel\AndroidManifest.xml:1:1-30:12
INJECTED from cgms2_test\PDAModel\AndroidManifest.xml:1:1-30:12
MERGED from [:PDALibrary] AndroidManifest.xml:2:1-18:12
INJECTED from cgms2_test\PDAModel\AndroidManifest.xml:1:1-30:12
INJECTED from cgms2_test\PDAModel\AndroidManifest.xml:1:1-30:12
	package
		ADDED from cgms2_test\PDAModel\AndroidManifest.xml:2:5-40
	android:versionName
		ADDED from cgms2_test\PDAModel\AndroidManifest.xml:4:5-30
		INJECTED from cgms2_test\PDAModel\AndroidManifest.xml
		INJECTED from cgms2_test\PDAModel\AndroidManifest.xml
	xmlns:android
		ADDED from cgms2_test\PDAModel\AndroidManifest.xml:1:11-69
	android:versionCode
		ADDED from cgms2_test\PDAModel\AndroidManifest.xml:3:5-28
		INJECTED from cgms2_test\PDAModel\AndroidManifest.xml
		INJECTED from cgms2_test\PDAModel\AndroidManifest.xml
uses-permission#android.permission.WAKE_LOCK
ADDED from cgms2_test\PDAModel\AndroidManifest.xml:6:2-65
	android:name
		ADDED from cgms2_test\PDAModel\AndroidManifest.xml:6:19-62
uses-permission#android.permission.MOUNT_UNMOUNT_FILESYSTEMS
ADDED from cgms2_test\PDAModel\AndroidManifest.xml:7:5-84
	android:name
		ADDED from cgms2_test\PDAModel\AndroidManifest.xml:7:22-81
uses-permission#android.permission.WRITE_EXTERNAL_STORAGE
ADDED from cgms2_test\PDAModel\AndroidManifest.xml:8:5-81
	android:name
		ADDED from cgms2_test\PDAModel\AndroidManifest.xml:8:22-78
uses-sdk
ADDED from cgms2_test\PDAModel\AndroidManifest.xml:10:5-12:41
MERGED from [:PDALibrary] AndroidManifest.xml:7:5-9:41
MERGED from [:PDALibrary] AndroidManifest.xml:7:5-9:41
	android:targetSdkVersion
		ADDED from cgms2_test\PDAModel\AndroidManifest.xml:12:9-38
	android:minSdkVersion
		ADDED from cgms2_test\PDAModel\AndroidManifest.xml:11:9-34
application
ADDED from cgms2_test\PDAModel\AndroidManifest.xml:14:5-28:19
MERGED from [:PDALibrary] AndroidManifest.xml:11:5-16:19
MERGED from [:PDALibrary] AndroidManifest.xml:11:5-16:19
	android:label
		ADDED from cgms2_test\PDAModel\AndroidManifest.xml:17:9-41
	android:icon
		ADDED from cgms2_test\PDAModel\AndroidManifest.xml:16:9-45
	android:allowBackup
		ADDED from cgms2_test\PDAModel\AndroidManifest.xml:15:9-35
	android:theme
		ADDED from cgms2_test\PDAModel\AndroidManifest.xml:18:9-40
service#com.microtechmd.pda.model.ServiceModel
ADDED from cgms2_test\PDAModel\AndroidManifest.xml:20:9-26:13
	android:exported
		ADDED from cgms2_test\PDAModel\AndroidManifest.xml:22:10-35
	android:name
		ADDED from cgms2_test\PDAModel\AndroidManifest.xml:21:10-38
intent-filter#com.microtechmd.pda.model
ADDED from cgms2_test\PDAModel\AndroidManifest.xml:23:10-25:23
action#com.microtechmd.pda.model
ADDED from cgms2_test\PDAModel\AndroidManifest.xml:24:11-62
	android:name
		ADDED from cgms2_test\PDAModel\AndroidManifest.xml:24:19-59